./lib/commands.sh: line 27: syntax error near unexpected token `fi'
./lib/commands.sh: line 27: syntax error near unexpected token `fi'
[13-07-2025 13:57:01]-[ERROR]-[mytool.sh:25]: NO command provided!
Usage: ./mytool.sh <command> [arguments]

Commands:
 greet <name>     : Greets specified name.
 ping <host>      : Pings the specified host.
 help             : Displays help message. 

/home/cocobolo/lib/mytool.sh: line 1: cleanup: command not found
[H[2J[3J[13-07-2025 13:58:26]-[ERROR]-[mytool.sh:25]: [!] NO command provided!
Usage: ./mytool.sh <command> [arguments]

Commands:
 greet <name>     : Greets specified name.
 ping <host>      : Pings the specified host.
 help             : Displays help message. 

/home/cocobolo/lib/mytool.sh: line 1: cleanup: command not found
[H[2J[3J[13-07-2025 13:59:30]-[INFO]: Hello! cocbolo... Welcome to mytool.
/home/cocobolo/lib/mytool.sh: line 1: cleanup: command not found
[H[2J[3J[13-07-2025 14:00:39]-[INFO]: Hello!  I am crazy.. But... Welcome to mytool.
/home/cocobolo/lib/mytool.sh: line 1: cleanup: command not found
[H[2J[3J[13-07-2025 14:01:08]-[INFO]: Pinging 8.8.8.8...
[13-07-2025 14:01:21]-[ERROR]-[commands.sh:25]: Failed to ping 8.8.8.8.
./lib/commands.sh: line 1: cleanup: command not found
[H[2J[3JUsage: ./mytool.sh <command> [arguments]

Commands:
 greet <name>     : Greets specified name.
 ping <host>      : Pings the specified host.
 help             : Displays help message. 

/home/cocobolo/lib/mytool.sh: line 1: cleanup: command not found
[H[2J[3J[13-07-2025 14:03:07]-[INFO]: Pinging 8.8.8.8...
[13-07-2025 14:03:20]-[ERROR]-[commands.sh:25]: Failed to ping 8.8.8.8.
./lib/commands.sh: line 1: cleanup: command not found
[H[2J[3J[13-07-2025 14:06:51]-[ERROR]-[mytool.sh:25]: [!] NO command provided!
Usage: ./mytool.sh <command> [arguments]

Commands:
 greet <name>     : Greets specified name.
 ping <host>      : Pings the specified host.
 help             : Displays help message. 

/home/cocobolo/lib/mytool.sh: line 1: cleanup: command not found
[13-07-2025 14:07:53]-[ERROR]-[mytool.sh:25]: [!] NO command provided!
Usage: ./mytool.sh <command> [arguments]

Commands:
 greet <name>     : Greets specified name.
 ping <host>      : Pings the specified host.
 help             : Displays help message. 

/home/cocobolo/lib/mytool.sh: line 1: cleanup: command not found
[13-07-2025 14:08:17]-[ERROR]-[mytool.sh:25]: [!] NO command provided!
Usage: ./mytool.sh <command> [arguments]

Commands:
 greet <name>     : Greets specified name.
 ping <host>      : Pings the specified host.
 help             : Displays help message. 

/home/cocobolo/lib/mytool.sh: line 1: cleanup: command not found
[13-07-2025 14:08:29]-[INFO]: [+] Hello! cocobolo... Welcome to mytool.
/home/cocobolo/lib/mytool.sh: line 1: cleanup: command not found
[13-07-2025 14:10:16]-[INFO]: [+] Hello! whoidphvl... Welcome to mytool.
[13-07-2025 14:10:17]-[INFO]: '/home/cocobolo/lib/mytool.sh' script finished!
[13-07-2025 14:12:42]-[INFO]: [+] Hello! whoisphvl... Welcome to mytool.
/home/cocobolo/lib/mytool.sh: line 17: Scriptname: unbound variable
[13-07-2025 14:13:22]-[INFO]: [+] Hello! whoisphvl... Welcome to mytool.
[13-07-2025 14:13:22]-[INFO]: 'mytool.sh' Script finished!
[13-07-2025 14:14:18]-[INFO]: [+] Hello! whoisphvl... Welcome to mytool.
[13-07-2025 14:14:21]-[INFO]: 'mytool.sh' Script finished!
[13-07-2025 14:15:14]-[INFO]: [+] Hello! whoisphvl... Welcome to mytool.
[13-07-2025 14:15:16]-[INFO]: [+] 'mytool.sh' Script finished!
[13-07-2025 14:16:46]-[INFO]: [+] Hello! whoisphvl... Welcome to mytool.
[13-07-2025 14:16:48]-[INFO]: [+] 'mytool.sh' Script finished!
[13-07-2025 14:17:13]-[INFO]: [+] Hello! cat... Welcome to mytool.
[13-07-2025 14:17:15]-[INFO]: [+] 'mytool.sh' Script finished!
[13-07-2025 14:18:09]-[INFO]: [+] Hello! QWERTY... Welcome to mytool.
[13-07-2025 14:18:12]-[INFO]: [+] 'mytool.sh' Script finished!
[13-07-2025 14:19:17]-[INFO]: [+] Hello! GREAT... Welcome to mytool.
[13-07-2025 14:19:19]-[INFO]: [+] 'mytool.sh' Script finished!
[H[2J[3J[13-07-2025 22:17:34]-[ERROR]-[mytool.sh:27]: [!] NO command provided!
Usage: ./mytool.sh <command> [arguments]

Commands:
 greet <name>     : Greets specified name.
 ping <host>      : Pings the specified host.
 help             : Displays help message. 

[13-07-2025 22:17:35]-[INFO]: [+] 'mytool.sh' Script Ended!
[13-07-2025 22:18:45]-[INFO]: [+] Hello! cocobolo... Welcome to mytool.
[13-07-2025 22:18:46]-[INFO]: [+] 'mytool.sh' Script Ended!
[13-07-2025 22:19:59]-[ERROR]-[mytool.sh:27]: [!] NO command provided!
Usage: ./mytool.sh <command> [arguments]

Commands:
 greet <name>     : Greets specified name.
 ping <host>      : Pings the specified host.
 help             : Displays help message. 

[13-07-2025 22:20:00]-[INFO]: [+] 'mytool.sh' Script Ended!
[13-07-2025 22:20:09]-[INFO]: [+] Hello! cocobolo... Welcome to mytool.
[13-07-2025 22:20:10]-[INFO]: [+] 'mytool.sh' Script Ended!
[13-07-2025 22:20:22]-[INFO]: Pinging 8.8.8.8...
[13-07-2025 22:20:35]-[ERROR]-[commands.sh:25]: [!] Failed to ping 8.8.8.8.
[13-07-2025 22:20:36]-[INFO]: [+] 'mytool.sh' Script Ended!
Usage: ./mytool.sh <command> [arguments]

Commands:
 greet <name>     : Greets specified name.
 ping <host>      : Pings the specified host.
 help             : Displays help message. 

[13-07-2025 22:20:46]-[INFO]: [+] 'mytool.sh' Script Ended!
[13-07-2025 22:21:13]-[ERROR]-[mytool.sh:47]: Unknown command: 'asdasd'
Usage: ./mytool.sh <command> [arguments]

Commands:
 greet <name>     : Greets specified name.
 ping <host>      : Pings the specified host.
 help             : Displays help message. 

[13-07-2025 22:21:14]-[INFO]: [+] 'mytool.sh' Script Ended!
[13-07-2025 22:22:47]-[INFO]: Pinging 8.8.8.8...
[13-07-2025 22:23:02]-[ERROR]-[commands.sh:25]: [!] Failed to ping 8.8.8.8.
[13-07-2025 22:23:03]-[INFO]: [+] 'mytool.sh' Script Ended!
/home/cocobolo/lib/mytool.sh: line 11: ./lib/utils.sh: No such file or directory
./lib/commands2.sh: line 5: $1: unbound variable
[13-07-2025 22:39:43]-[INFO]: [+] 'mytool.sh' Script Ended!
[13-07-2025 22:40:01]-[INFO]: Hello, coco! Welcome to mytool.
[13-07-2025 22:40:02]-[INFO]: [+] 'mytool.sh' Script Ended!
./lib/commands2.sh: line 12: $1: unbound variable
[13-07-2025 22:40:30]-[INFO]: [+] 'mytool.sh' Script Ended!
[13-07-2025 22:40:58]-[ERROR]-[mytool.sh:28]: [!] NO command provided!
Usage: ./mytool.sh <command> [arguments]

Commands:
 greet <name>     : Greets specified name.
 ping <host>      : Pings the specified host.
 help             : Displays help message. 

[13-07-2025 22:40:59]-[INFO]: [+] 'mytool.sh' Script Ended!
[13-07-2025 22:41:41]-[ERROR]-[mytool.sh:28]: [!] NO command provided!
Usage: ./mytool.sh <command> [arguments]

Commands:
 greet <name>     : Greets specified name.
 ping <host>      : Pings the specified host.
 help             : Displays help message. 

[13-07-2025 22:41:42]-[INFO]: [+] 'mytool.sh' Script Ended!
[13-07-2025 22:50:15]-[ERROR]-[mytool.sh:48]: Unknown command: 'coco'
Usage: ./mytool.sh <command> [arguments]

Commands:
 greet <name>     : Greets specified name.
 ping <host>      : Pings the specified host.
 help             : Displays help message. 

[13-07-2025 22:50:16]-[INFO]: [+] 'mytool.sh' Script Ended!
./lib/commands2.sh: line 5: $1: unbound variable
[13-07-2025 22:50:33]-[INFO]: [+] 'mytool.sh' Script Ended!
[13-07-2025 22:52:50]-[ERROR]-[mytool.sh:28]: [!] NO command provided!
Usage: ./mytool.sh <command> [arguments]

Commands:
 greet <name>     : Greets specified name.
 ping <host>      : Pings the specified host.
 help             : Displays help message. 

[13-07-2025 22:52:51]-[INFO]: [+] 'mytool.sh' Script Ended!
./lib/commands2.sh: line 5: $1: unbound variable
[13-07-2025 22:53:02]-[INFO]: [+] 'mytool.sh' Script Ended!
[13-07-2025 22:55:31]-[ERROR]-[mytool.sh:28]: [!] NO command provided!
Usage: ./mytool.sh <command> [arguments]

Commands:
 greet <name>     : Greets specified name.
 ping <host>      : Pings the specified host.
 help             : Displays help message. 

[13-07-2025 22:55:32]-[INFO]: [+] 'mytool.sh' Script Ended!
Usage: ./mytool.sh <command> [arguments]

Commands:
 greet <name>     : Greets specified name.
 ping <host>      : Pings the specified host.
 help             : Displays help message. 

[13-07-2025 22:55:44]-[INFO]: [+] 'mytool.sh' Script Ended!
[13-07-2025 22:56:04]-[ERROR]-[mytool.sh:48]: Unknown command: 'coco'
Usage: ./mytool.sh <command> [arguments]

Commands:
 greet <name>     : Greets specified name.
 ping <host>      : Pings the specified host.
 help             : Displays help message. 

[13-07-2025 22:56:05]-[INFO]: [+] 'mytool.sh' Script Ended!
./lib/commands2.sh: line 5: $1: unbound variable
[13-07-2025 22:56:54]-[INFO]: [+] 'mytool.sh' Script Ended!
./lib/commands2.sh: line 5: $1: unbound variable
[13-07-2025 22:57:15]-[INFO]: [+] 'mytool.sh' Script Ended!
[13-07-2025 23:02:42]-[ERROR]-[validate.sh:10]: Missing required argument 'name' for 'greet' command.
Usage: ./mytool.sh <command> [arguments]

Commands:
 greet <name>     : Greets specified name.
 ping <host>      : Pings the specified host.
 help             : Displays help message. 

[13-07-2025 23:02:44]-[INFO]: [+] 'mytool.sh' Script Ended!
/home/cocobolo/lib/mytool.sh: line 12: ./lib/commands2.sh: No such file or directory
[14-07-2025 00:56:44]-[ERROR]-[validate.sh:10]: Missing required argument 'name' for 'greet' command.
Usage: ./mytool.sh <command> [arguments]

Commands:
 greet <name>     : Greets specified name.
 ping <host>      : Pings the specified host.
 help             : Displays help message. 

[14-07-2025 00:56:45]-[INFO]: [+] 'mytool.sh' Script Ended!
[14-07-2025 00:56:48]-[INFO]: Hello, coco! Welcome to mytool.
[14-07-2025 00:56:49]-[INFO]: [+] 'mytool.sh' Script Ended!
Usage: ./mytool.sh <command> [arguments]

Commands:
 greet <name>     : Greets specified name.
 ping <host>      : Pings the specified host.
 help             : Displays help message. 

[14-07-2025 00:56:59]-[INFO]: [+] 'mytool.sh' Script Ended!
